[01m[K/home/neusvegasm/gitrepo/exercises/rp_03_ros_basics/src/rp_simple_controller/src/turtle_square.cpp:[m[K In constructor â€˜[01m[KTurtleSquareNode::TurtleSquareNode()[m[Kâ€™:
[01m[K/home/neusvegasm/gitrepo/exercises/rp_03_ros_basics/src/rp_simple_controller/src/turtle_square.cpp:21:5:[m[K [01;31m[Kerror: [m[Kâ€˜[01m[Kpublisher[m[Kâ€™ was not declared in this scope
   21 |     [01;31m[Kpublisher[m[K = this->create_publisher<geometry_msgs::msg::Twist>("/turtle1/cmd_vel", 10)
      |     [01;31m[K^~~~~~~~~[m[K
[01m[K/home/neusvegasm/gitrepo/exercises/rp_03_ros_basics/src/rp_simple_controller/src/turtle_square.cpp:[m[K In member function â€˜[01m[Kvoid TurtleSquareNode::timer_callback()[m[Kâ€™:
[01m[K/home/neusvegasm/gitrepo/exercises/rp_03_ros_basics/src/rp_simple_controller/src/turtle_square.cpp:70:9:[m[K [01;31m[Kerror: [m[Kâ€˜[01m[Kv[m[Kâ€™ was not declared in this scope
   70 |     if ([01;31m[Kv[m[K ==0 && w ==0){
      |         [01;31m[K^[m[K
[01m[K/home/neusvegasm/gitrepo/exercises/rp_03_ros_basics/src/rp_simple_controller/src/turtle_square.cpp:70:18:[m[K [01;31m[Kerror: [m[Kâ€˜[01m[Kw[m[Kâ€™ was not declared in this scope
   70 |     if (v ==0 && [01;31m[Kw[m[K ==0){
      |                  [01;31m[K^[m[K
[01m[K/home/neusvegasm/gitrepo/exercises/rp_03_ros_basics/src/rp_simple_controller/src/turtle_square.cpp:75:9:[m[K [01;31m[Kerror: [m[Kâ€˜[01m[Kw[m[Kâ€™ was not declared in this scope
   75 |     if ([01;31m[Kw[m[K == 0 && current_time > side_length / trans_vel ){
      |         [01;31m[K^[m[K
[01m[K/home/neusvegasm/gitrepo/exercises/rp_03_ros_basics/src/rp_simple_controller/src/turtle_square.cpp:76:7:[m[K [01;31m[Kerror: [m[Kâ€˜[01m[Kv[m[Kâ€™ was not declared in this scope
   76 |       [01;31m[Kv[m[K = 0.0;
      |       [01;31m[K^[m[K
[01m[K/home/neusvegasm/gitrepo/exercises/rp_03_ros_basics/src/rp_simple_controller/src/turtle_square.cpp:81:9:[m[K [01;31m[Kerror: [m[Kâ€˜[01m[Kv[m[Kâ€™ was not declared in this scope
   81 |     if ([01;31m[Kv[m[K == 0 && current_time > angle_to_turn / rot_vel){
      |         [01;31m[K^[m[K
[01m[K/home/neusvegasm/gitrepo/exercises/rp_03_ros_basics/src/rp_simple_controller/src/turtle_square.cpp:83:7:[m[K [01;31m[Kerror: [m[Kâ€˜[01m[Kw[m[Kâ€™ was not declared in this scope
   83 |       [01;31m[Kw[m[K=0.0;
      |       [01;31m[K^[m[K
[01m[K/home/neusvegasm/gitrepo/exercises/rp_03_ros_basics/src/rp_simple_controller/src/turtle_square.cpp:87:33:[m[K [01;31m[Kerror: [m[Kâ€˜[01m[Kv[m[Kâ€™ was not declared in this scope
   87 |     velocity_message.linear.x = [01;31m[Kv[m[K;
      |                                 [01;31m[K^[m[K
[01m[K/home/neusvegasm/gitrepo/exercises/rp_03_ros_basics/src/rp_simple_controller/src/turtle_square.cpp:88:34:[m[K [01;31m[Kerror: [m[Kâ€˜[01m[Kw[m[Kâ€™ was not declared in this scope
   88 |     velocity_message.angular.z = [01;31m[Kw[m[K;
      |                                  [01;31m[K^[m[K
gmake[2]: *** [CMakeFiles/turtle_square.dir/build.make:76: CMakeFiles/turtle_square.dir/src/turtle_square.cpp.o] Error 1
gmake[1]: *** [CMakeFiles/Makefile2:137: CMakeFiles/turtle_square.dir/all] Error 2
gmake: *** [Makefile:146: all] Error 2
