-- The C compiler identification is GNU 11.4.0
-- The CXX compiler identification is GNU 11.4.0
-- Detecting C compiler ABI info
-- Detecting C compiler ABI info - done
-- Check for working C compiler: /usr/bin/cc - skipped
-- Detecting C compile features
-- Detecting C compile features - done
-- Detecting CXX compiler ABI info
-- Detecting CXX compiler ABI info - done
-- Check for working CXX compiler: /usr/bin/c++ - skipped
-- Detecting CXX compile features
-- Detecting CXX compile features - done
-- Found ament_cmake: 1.3.10 (/opt/ros/humble/share/ament_cmake/cmake)
-- Found Python3: /usr/bin/python3 (found version "3.10.12") found components: Interpreter 
-- Found rclcpp: 16.0.10 (/opt/ros/humble/share/rclcpp/cmake)
-- Found rosidl_generator_c: 3.1.5 (/opt/ros/humble/share/rosidl_generator_c/cmake)
-- Found rosidl_adapter: 3.1.5 (/opt/ros/humble/share/rosidl_adapter/cmake)
-- Found rosidl_generator_cpp: 3.1.5 (/opt/ros/humble/share/rosidl_generator_cpp/cmake)
-- Using all available rosidl_typesupport_c: rosidl_typesupport_fastrtps_c;rosidl_typesupport_introspection_c
-- Using all available rosidl_typesupport_cpp: rosidl_typesupport_fastrtps_cpp;rosidl_typesupport_introspection_cpp
-- Found rmw_implementation_cmake: 6.1.2 (/opt/ros/humble/share/rmw_implementation_cmake/cmake)
-- Found rmw_fastrtps_cpp: 6.2.7 (/opt/ros/humble/share/rmw_fastrtps_cpp/cmake)
-- Found OpenSSL: /usr/lib/x86_64-linux-gnu/libcrypto.so (found version "3.0.2")  
-- Found FastRTPS: /opt/ros/humble/include  
-- Using RMW implementation 'rmw_fastrtps_cpp' as default
-- Looking for pthread.h
-- Looking for pthread.h - found
-- Performing Test CMAKE_HAVE_LIBC_PTHREAD
-- Performing Test CMAKE_HAVE_LIBC_PTHREAD - Success
-- Found Threads: TRUE  
-- Found geometry_msgs: 4.2.4 (/opt/ros/humble/share/geometry_msgs/cmake)
-- Found turtlesim: 1.4.2 (/opt/ros/humble/share/turtlesim/cmake)
-- Configuring done
-- Generating done
-- Build files have been written to: /home/neusvegasm/gitrepo/exercises/rp_03_ros_basics/build/rp_simple_controller
[ 50%] [32mBuilding CXX object CMakeFiles/turtle_square.dir/src/turtle_square.cpp.o[0m
[01m[K/home/neusvegasm/gitrepo/exercises/rp_03_ros_basics/src/rp_simple_controller/src/turtle_square.cpp:[m[K In constructor â€˜[01m[KTurtleSquareNode::TurtleSquareNode()[m[Kâ€™:
[01m[K/home/neusvegasm/gitrepo/exercises/rp_03_ros_basics/src/rp_simple_controller/src/turtle_square.cpp:21:5:[m[K [01;31m[Kerror: [m[Kâ€˜[01m[Kpublisher[m[Kâ€™ was not declared in this scope
   21 |     [01;31m[Kpublisher[m[K = this->create_publisher<geometry_msgs::msg::Twist>("/turtle1/cmd_vel", 10)
      |     [01;31m[K^~~~~~~~~[m[K
[01m[K/home/neusvegasm/gitrepo/exercises/rp_03_ros_basics/src/rp_simple_controller/src/turtle_square.cpp:[m[K In member function â€˜[01m[Kvoid TurtleSquareNode::timer_callback()[m[Kâ€™:
[01m[K/home/neusvegasm/gitrepo/exercises/rp_03_ros_basics/src/rp_simple_controller/src/turtle_square.cpp:70:9:[m[K [01;31m[Kerror: [m[Kâ€˜[01m[Kv[m[Kâ€™ was not declared in this scope
   70 |     if ([01;31m[Kv[m[K ==0 && w ==0){
      |         [01;31m[K^[m[K
[01m[K/home/neusvegasm/gitrepo/exercises/rp_03_ros_basics/src/rp_simple_controller/src/turtle_square.cpp:70:18:[m[K [01;31m[Kerror: [m[Kâ€˜[01m[Kw[m[Kâ€™ was not declared in this scope
   70 |     if (v ==0 && [01;31m[Kw[m[K ==0){
      |                  [01;31m[K^[m[K
[01m[K/home/neusvegasm/gitrepo/exercises/rp_03_ros_basics/src/rp_simple_controller/src/turtle_square.cpp:75:9:[m[K [01;31m[Kerror: [m[Kâ€˜[01m[Kw[m[Kâ€™ was not declared in this scope
   75 |     if ([01;31m[Kw[m[K == 0 && current_time > side_length / trans_vel ){
      |         [01;31m[K^[m[K
[01m[K/home/neusvegasm/gitrepo/exercises/rp_03_ros_basics/src/rp_simple_controller/src/turtle_square.cpp:76:7:[m[K [01;31m[Kerror: [m[Kâ€˜[01m[Kv[m[Kâ€™ was not declared in this scope
   76 |       [01;31m[Kv[m[K = 0.0;
      |       [01;31m[K^[m[K
[01m[K/home/neusvegasm/gitrepo/exercises/rp_03_ros_basics/src/rp_simple_controller/src/turtle_square.cpp:81:9:[m[K [01;31m[Kerror: [m[Kâ€˜[01m[Kv[m[Kâ€™ was not declared in this scope
   81 |     if ([01;31m[Kv[m[K == 0 && current_time > angle_to_turn / rot_vel){
      |         [01;31m[K^[m[K
[01m[K/home/neusvegasm/gitrepo/exercises/rp_03_ros_basics/src/rp_simple_controller/src/turtle_square.cpp:83:7:[m[K [01;31m[Kerror: [m[Kâ€˜[01m[Kw[m[Kâ€™ was not declared in this scope
   83 |       [01;31m[Kw[m[K=0.0;
      |       [01;31m[K^[m[K
[01m[K/home/neusvegasm/gitrepo/exercises/rp_03_ros_basics/src/rp_simple_controller/src/turtle_square.cpp:87:33:[m[K [01;31m[Kerror: [m[Kâ€˜[01m[Kv[m[Kâ€™ was not declared in this scope
   87 |     velocity_message.linear.x = [01;31m[Kv[m[K;
      |                                 [01;31m[K^[m[K
[01m[K/home/neusvegasm/gitrepo/exercises/rp_03_ros_basics/src/rp_simple_controller/src/turtle_square.cpp:88:34:[m[K [01;31m[Kerror: [m[Kâ€˜[01m[Kw[m[Kâ€™ was not declared in this scope
   88 |     velocity_message.angular.z = [01;31m[Kw[m[K;
      |                                  [01;31m[K^[m[K
gmake[2]: *** [CMakeFiles/turtle_square.dir/build.make:76: CMakeFiles/turtle_square.dir/src/turtle_square.cpp.o] Error 1
gmake[1]: *** [CMakeFiles/Makefile2:137: CMakeFiles/turtle_square.dir/all] Error 2
gmake: *** [Makefile:146: all] Error 2
