[0.027s] Invoking command in '/home/neusvegasm/gitrepo/exercises/rp_03_ros_basics/build/rp_simple_controller': CMAKE_PREFIX_PATH=/opt/ros/humble /usr/bin/cmake /home/neusvegasm/gitrepo/exercises/rp_03_ros_basics/src/rp_simple_controller -DCMAKE_INSTALL_PREFIX=/home/neusvegasm/gitrepo/exercises/rp_03_ros_basics/install/rp_simple_controller
[0.614s] -- The C compiler identification is GNU 11.4.0
[1.400s] -- The CXX compiler identification is GNU 11.4.0
[1.786s] -- Detecting C compiler ABI info
[2.009s] -- Detecting C compiler ABI info - done
[2.017s] -- Check for working C compiler: /usr/bin/cc - skipped
[2.018s] -- Detecting C compile features
[2.019s] -- Detecting C compile features - done
[2.026s] -- Detecting CXX compiler ABI info
[2.247s] -- Detecting CXX compiler ABI info - done
[2.255s] -- Check for working CXX compiler: /usr/bin/c++ - skipped
[2.255s] -- Detecting CXX compile features
[2.256s] -- Detecting CXX compile features - done
[2.293s] -- Found ament_cmake: 1.3.10 (/opt/ros/humble/share/ament_cmake/cmake)
[2.474s] -- Found Python3: /usr/bin/python3 (found version "3.10.12") found components: Interpreter 
[2.648s] -- Found rclcpp: 16.0.10 (/opt/ros/humble/share/rclcpp/cmake)
[2.887s] -- Found rosidl_generator_c: 3.1.5 (/opt/ros/humble/share/rosidl_generator_c/cmake)
[2.898s] -- Found rosidl_adapter: 3.1.5 (/opt/ros/humble/share/rosidl_adapter/cmake)
[2.917s] -- Found rosidl_generator_cpp: 3.1.5 (/opt/ros/humble/share/rosidl_generator_cpp/cmake)
[2.950s] -- Using all available rosidl_typesupport_c: rosidl_typesupport_fastrtps_c;rosidl_typesupport_introspection_c
[2.984s] -- Using all available rosidl_typesupport_cpp: rosidl_typesupport_fastrtps_cpp;rosidl_typesupport_introspection_cpp
[3.076s] -- Found rmw_implementation_cmake: 6.1.2 (/opt/ros/humble/share/rmw_implementation_cmake/cmake)
[3.081s] -- Found rmw_fastrtps_cpp: 6.2.7 (/opt/ros/humble/share/rmw_fastrtps_cpp/cmake)
[4.574s] -- Found OpenSSL: /usr/lib/x86_64-linux-gnu/libcrypto.so (found version "3.0.2")  
[6.057s] -- Found FastRTPS: /opt/ros/humble/include  
[8.792s] -- Using RMW implementation 'rmw_fastrtps_cpp' as default
[8.814s] -- Looking for pthread.h
[9.057s] -- Looking for pthread.h - found
[9.057s] -- Performing Test CMAKE_HAVE_LIBC_PTHREAD
[9.245s] -- Performing Test CMAKE_HAVE_LIBC_PTHREAD - Success
[9.246s] -- Found Threads: TRUE  
[9.352s] -- Found geometry_msgs: 4.2.4 (/opt/ros/humble/share/geometry_msgs/cmake)
[9.376s] -- Found turtlesim: 1.4.2 (/opt/ros/humble/share/turtlesim/cmake)
[9.550s] -- Configuring done
[9.571s] -- Generating done
[9.574s] -- Build files have been written to: /home/neusvegasm/gitrepo/exercises/rp_03_ros_basics/build/rp_simple_controller
[9.586s] Invoked command in '/home/neusvegasm/gitrepo/exercises/rp_03_ros_basics/build/rp_simple_controller' returned '0': CMAKE_PREFIX_PATH=/opt/ros/humble /usr/bin/cmake /home/neusvegasm/gitrepo/exercises/rp_03_ros_basics/src/rp_simple_controller -DCMAKE_INSTALL_PREFIX=/home/neusvegasm/gitrepo/exercises/rp_03_ros_basics/install/rp_simple_controller
[9.589s] Invoking command in '/home/neusvegasm/gitrepo/exercises/rp_03_ros_basics/build/rp_simple_controller': CMAKE_PREFIX_PATH=/opt/ros/humble /usr/bin/cmake --build /home/neusvegasm/gitrepo/exercises/rp_03_ros_basics/build/rp_simple_controller -- -j8 -l8
[9.638s] [ 50%] [32mBuilding CXX object CMakeFiles/turtle_square.dir/src/turtle_square.cpp.o[0m
[13.526s] [01m[K/home/neusvegasm/gitrepo/exercises/rp_03_ros_basics/src/rp_simple_controller/src/turtle_square.cpp:[m[K In constructor â€˜[01m[KTurtleSquareNode::TurtleSquareNode()[m[Kâ€™:
[13.526s] [01m[K/home/neusvegasm/gitrepo/exercises/rp_03_ros_basics/src/rp_simple_controller/src/turtle_square.cpp:21:5:[m[K [01;31m[Kerror: [m[Kâ€˜[01m[Kpublisher[m[Kâ€™ was not declared in this scope
[13.526s]    21 |     [01;31m[Kpublisher[m[K = this->create_publisher<geometry_msgs::msg::Twist>("/turtle1/cmd_vel", 10)
[13.526s]       |     [01;31m[K^~~~~~~~~[m[K
[13.534s] [01m[K/home/neusvegasm/gitrepo/exercises/rp_03_ros_basics/src/rp_simple_controller/src/turtle_square.cpp:[m[K In member function â€˜[01m[Kvoid TurtleSquareNode::timer_callback()[m[Kâ€™:
[13.534s] [01m[K/home/neusvegasm/gitrepo/exercises/rp_03_ros_basics/src/rp_simple_controller/src/turtle_square.cpp:70:9:[m[K [01;31m[Kerror: [m[Kâ€˜[01m[Kv[m[Kâ€™ was not declared in this scope
[13.534s]    70 |     if ([01;31m[Kv[m[K ==0 && w ==0){
[13.534s]       |         [01;31m[K^[m[K
[13.538s] [01m[K/home/neusvegasm/gitrepo/exercises/rp_03_ros_basics/src/rp_simple_controller/src/turtle_square.cpp:70:18:[m[K [01;31m[Kerror: [m[Kâ€˜[01m[Kw[m[Kâ€™ was not declared in this scope
[13.538s]    70 |     if (v ==0 && [01;31m[Kw[m[K ==0){
[13.538s]       |                  [01;31m[K^[m[K
[13.542s] [01m[K/home/neusvegasm/gitrepo/exercises/rp_03_ros_basics/src/rp_simple_controller/src/turtle_square.cpp:75:9:[m[K [01;31m[Kerror: [m[Kâ€˜[01m[Kw[m[Kâ€™ was not declared in this scope
[13.542s]    75 |     if ([01;31m[Kw[m[K == 0 && current_time > side_length / trans_vel ){
[13.542s]       |         [01;31m[K^[m[K
[13.547s] [01m[K/home/neusvegasm/gitrepo/exercises/rp_03_ros_basics/src/rp_simple_controller/src/turtle_square.cpp:76:7:[m[K [01;31m[Kerror: [m[Kâ€˜[01m[Kv[m[Kâ€™ was not declared in this scope
[13.547s]    76 |       [01;31m[Kv[m[K = 0.0;
[13.547s]       |       [01;31m[K^[m[K
[13.551s] [01m[K/home/neusvegasm/gitrepo/exercises/rp_03_ros_basics/src/rp_simple_controller/src/turtle_square.cpp:81:9:[m[K [01;31m[Kerror: [m[Kâ€˜[01m[Kv[m[Kâ€™ was not declared in this scope
[13.551s]    81 |     if ([01;31m[Kv[m[K == 0 && current_time > angle_to_turn / rot_vel){
[13.551s]       |         [01;31m[K^[m[K
[13.555s] [01m[K/home/neusvegasm/gitrepo/exercises/rp_03_ros_basics/src/rp_simple_controller/src/turtle_square.cpp:83:7:[m[K [01;31m[Kerror: [m[Kâ€˜[01m[Kw[m[Kâ€™ was not declared in this scope
[13.555s]    83 |       [01;31m[Kw[m[K=0.0;
[13.555s]       |       [01;31m[K^[m[K
[13.559s] [01m[K/home/neusvegasm/gitrepo/exercises/rp_03_ros_basics/src/rp_simple_controller/src/turtle_square.cpp:87:33:[m[K [01;31m[Kerror: [m[Kâ€˜[01m[Kv[m[Kâ€™ was not declared in this scope
[13.559s]    87 |     velocity_message.linear.x = [01;31m[Kv[m[K;
[13.559s]       |                                 [01;31m[K^[m[K
[13.563s] [01m[K/home/neusvegasm/gitrepo/exercises/rp_03_ros_basics/src/rp_simple_controller/src/turtle_square.cpp:88:34:[m[K [01;31m[Kerror: [m[Kâ€˜[01m[Kw[m[Kâ€™ was not declared in this scope
[13.563s]    88 |     velocity_message.angular.z = [01;31m[Kw[m[K;
[13.563s]       |                                  [01;31m[K^[m[K
[14.395s] gmake[2]: *** [CMakeFiles/turtle_square.dir/build.make:76: CMakeFiles/turtle_square.dir/src/turtle_square.cpp.o] Error 1
[14.395s] gmake[1]: *** [CMakeFiles/Makefile2:137: CMakeFiles/turtle_square.dir/all] Error 2
[14.395s] gmake: *** [Makefile:146: all] Error 2
[14.398s] Invoked command in '/home/neusvegasm/gitrepo/exercises/rp_03_ros_basics/build/rp_simple_controller' returned '2': CMAKE_PREFIX_PATH=/opt/ros/humble /usr/bin/cmake --build /home/neusvegasm/gitrepo/exercises/rp_03_ros_basics/build/rp_simple_controller -- -j8 -l8
