[0.015s] Invoking command in '/home/neusvegasm/gitrepo/exercises/rp_03_ros_basics/build/rp_simple_controller': CMAKE_PREFIX_PATH=/opt/ros/humble /usr/bin/cmake --build /home/neusvegasm/gitrepo/exercises/rp_03_ros_basics/build/rp_simple_controller -- -j8 -l8
[0.061s] [35m[1mConsolidate compiler generated dependencies of target turtle_square[0m
[0.083s] [ 50%] [32mBuilding CXX object CMakeFiles/turtle_square.dir/src/turtle_square.cpp.o[0m
[2.840s] [01m[K/home/neusvegasm/gitrepo/exercises/rp_03_ros_basics/src/rp_simple_controller/src/turtle_square.cpp:[m[K In constructor â€˜[01m[KTurtleSquareNode::TurtleSquareNode()[m[Kâ€™:
[2.840s] [01m[K/home/neusvegasm/gitrepo/exercises/rp_03_ros_basics/src/rp_simple_controller/src/turtle_square.cpp:26:5:[m[K [01;31m[Kerror: [m[Kexpected â€˜[01m[K;[m[Kâ€™ before â€˜[01m[Ksubscriber[m[Kâ€™
[2.840s]    26 |     [01;31m[Ksubscriber[m[K = this->create_subscriber<turtlesim::msg::Pose>("/turtle1/pose", 10)
[2.840s]       |     [01;31m[K^~~~~~~~~~[m[K
[2.845s] [01m[K/home/neusvegasm/gitrepo/exercises/rp_03_ros_basics/src/rp_simple_controller/src/turtle_square.cpp:[m[K In member function â€˜[01m[Kvoid TurtleSquareNode::timer_callback()[m[Kâ€™:
[2.845s] [01m[K/home/neusvegasm/gitrepo/exercises/rp_03_ros_basics/src/rp_simple_controller/src/turtle_square.cpp:73:9:[m[K [01;31m[Kerror: [m[Kâ€˜[01m[Kv[m[Kâ€™ was not declared in this scope
[2.845s]    73 |     if ([01;31m[Kv[m[K ==0 && w ==0){
[2.845s]       |         [01;31m[K^[m[K
[2.850s] [01m[K/home/neusvegasm/gitrepo/exercises/rp_03_ros_basics/src/rp_simple_controller/src/turtle_square.cpp:73:18:[m[K [01;31m[Kerror: [m[Kâ€˜[01m[Kw[m[Kâ€™ was not declared in this scope
[2.850s]    73 |     if (v ==0 && [01;31m[Kw[m[K ==0){
[2.851s]       |                  [01;31m[K^[m[K
[2.857s] [01m[K/home/neusvegasm/gitrepo/exercises/rp_03_ros_basics/src/rp_simple_controller/src/turtle_square.cpp:78:9:[m[K [01;31m[Kerror: [m[Kâ€˜[01m[Kw[m[Kâ€™ was not declared in this scope
[2.857s]    78 |     if ([01;31m[Kw[m[K == 0 && current_time > side_length / trans_vel ){
[2.857s]       |         [01;31m[K^[m[K
[2.862s] [01m[K/home/neusvegasm/gitrepo/exercises/rp_03_ros_basics/src/rp_simple_controller/src/turtle_square.cpp:79:7:[m[K [01;31m[Kerror: [m[Kâ€˜[01m[Kv[m[Kâ€™ was not declared in this scope
[2.862s]    79 |       [01;31m[Kv[m[K = 0.0;
[2.862s]       |       [01;31m[K^[m[K
[2.867s] [01m[K/home/neusvegasm/gitrepo/exercises/rp_03_ros_basics/src/rp_simple_controller/src/turtle_square.cpp:84:9:[m[K [01;31m[Kerror: [m[Kâ€˜[01m[Kv[m[Kâ€™ was not declared in this scope
[2.867s]    84 |     if ([01;31m[Kv[m[K == 0 && current_time > angle_to_turn / rot_vel){
[2.867s]       |         [01;31m[K^[m[K
[2.872s] [01m[K/home/neusvegasm/gitrepo/exercises/rp_03_ros_basics/src/rp_simple_controller/src/turtle_square.cpp:86:7:[m[K [01;31m[Kerror: [m[Kâ€˜[01m[Kw[m[Kâ€™ was not declared in this scope
[2.872s]    86 |       [01;31m[Kw[m[K=0.0;
[2.872s]       |       [01;31m[K^[m[K
[2.877s] [01m[K/home/neusvegasm/gitrepo/exercises/rp_03_ros_basics/src/rp_simple_controller/src/turtle_square.cpp:90:33:[m[K [01;31m[Kerror: [m[Kâ€˜[01m[Kv[m[Kâ€™ was not declared in this scope
[2.877s]    90 |     velocity_message.linear.x = [01;31m[Kv[m[K;
[2.877s]       |                                 [01;31m[K^[m[K
[2.882s] [01m[K/home/neusvegasm/gitrepo/exercises/rp_03_ros_basics/src/rp_simple_controller/src/turtle_square.cpp:91:34:[m[K [01;31m[Kerror: [m[Kâ€˜[01m[Kw[m[Kâ€™ was not declared in this scope
[2.882s]    91 |     velocity_message.angular.z = [01;31m[Kw[m[K;
[2.882s]       |                                  [01;31m[K^[m[K
[3.773s] gmake[2]: *** [CMakeFiles/turtle_square.dir/build.make:76: CMakeFiles/turtle_square.dir/src/turtle_square.cpp.o] Error 1
[3.773s] gmake[1]: *** [CMakeFiles/Makefile2:137: CMakeFiles/turtle_square.dir/all] Error 2
[3.773s] gmake: *** [Makefile:146: all] Error 2
[3.776s] Invoked command in '/home/neusvegasm/gitrepo/exercises/rp_03_ros_basics/build/rp_simple_controller' returned '2': CMAKE_PREFIX_PATH=/opt/ros/humble /usr/bin/cmake --build /home/neusvegasm/gitrepo/exercises/rp_03_ros_basics/build/rp_simple_controller -- -j8 -l8
