[0.017s] Invoking command in '/home/neusvegasm/gitrepo/exercises/rp_03_ros_basics/build/rp_simple_controller': CMAKE_PREFIX_PATH=/opt/ros/humble /usr/bin/cmake --build /home/neusvegasm/gitrepo/exercises/rp_03_ros_basics/build/rp_simple_controller -- -j8 -l8
[0.074s] [35m[1mConsolidate compiler generated dependencies of target turtle_square[0m
[0.093s] [ 50%] [32mBuilding CXX object CMakeFiles/turtle_square.dir/src/turtle_square.cpp.o[0m
[2.658s] [01m[K/home/neusvegasm/gitrepo/exercises/rp_03_ros_basics/src/rp_simple_controller/src/turtle_square.cpp:112:32:[m[K [01;31m[Kerror: [m[Kredeclaration of â€˜[01m[Krclcpp::TimerBase::SharedPtr TurtleSquareNode::timer[m[Kâ€™
[2.658s]   112 |   rclcpp::TimerBase::SharedPtr [01;31m[Ktimer[m[K;
[2.658s]       |                                [01;31m[K^~~~~[m[K
[2.658s] [01m[K/home/neusvegasm/gitrepo/exercises/rp_03_ros_basics/src/rp_simple_controller/src/turtle_square.cpp:38:32:[m[K [01;36m[Knote: [m[Kprevious declaration â€˜[01m[Krclcpp::TimerBase::SharedPtr TurtleSquareNode::timer[m[Kâ€™
[2.658s]    38 |   rclcpp::TimerBase::SharedPtr [01;36m[Ktimer[m[K;
[2.658s]       |                                [01;36m[K^~~~~[m[K
[2.661s] [01m[K/home/neusvegasm/gitrepo/exercises/rp_03_ros_basics/src/rp_simple_controller/src/turtle_square.cpp:[m[K In constructor â€˜[01m[KTurtleSquareNode::TurtleSquareNode()[m[Kâ€™:
[2.661s] [01m[K/home/neusvegasm/gitrepo/exercises/rp_03_ros_basics/src/rp_simple_controller/src/turtle_square.cpp:26:5:[m[K [01;31m[Kerror: [m[Kexpected â€˜[01m[K;[m[Kâ€™ before â€˜[01m[Ksubscriber[m[Kâ€™
[2.661s]    26 |     [01;31m[Ksubscriber[m[K = this->create_subscriber<turtlesim::msg::Pose>("/turtle1/pose", 10)
[2.661s]       |     [01;31m[K^~~~~~~~~~[m[K
[2.666s] [01m[K/home/neusvegasm/gitrepo/exercises/rp_03_ros_basics/src/rp_simple_controller/src/turtle_square.cpp:[m[K In member function â€˜[01m[Kvoid TurtleSquareNode::timer_callback()[m[Kâ€™:
[2.666s] [01m[K/home/neusvegasm/gitrepo/exercises/rp_03_ros_basics/src/rp_simple_controller/src/turtle_square.cpp:73:9:[m[K [01;31m[Kerror: [m[Kâ€˜[01m[Kv[m[Kâ€™ was not declared in this scope
[2.666s]    73 |     if ([01;31m[Kv[m[K ==0 && w ==0){
[2.666s]       |         [01;31m[K^[m[K
[2.670s] [01m[K/home/neusvegasm/gitrepo/exercises/rp_03_ros_basics/src/rp_simple_controller/src/turtle_square.cpp:73:18:[m[K [01;31m[Kerror: [m[Kâ€˜[01m[Kw[m[Kâ€™ was not declared in this scope
[2.670s]    73 |     if (v ==0 && [01;31m[Kw[m[K ==0){
[2.670s]       |                  [01;31m[K^[m[K
[2.674s] [01m[K/home/neusvegasm/gitrepo/exercises/rp_03_ros_basics/src/rp_simple_controller/src/turtle_square.cpp:78:9:[m[K [01;31m[Kerror: [m[Kâ€˜[01m[Kw[m[Kâ€™ was not declared in this scope
[2.674s]    78 |     if ([01;31m[Kw[m[K == 0 && current_time > side_length / trans_vel ){
[2.674s]       |         [01;31m[K^[m[K
[2.678s] [01m[K/home/neusvegasm/gitrepo/exercises/rp_03_ros_basics/src/rp_simple_controller/src/turtle_square.cpp:79:7:[m[K [01;31m[Kerror: [m[Kâ€˜[01m[Kv[m[Kâ€™ was not declared in this scope
[2.678s]    79 |       [01;31m[Kv[m[K = 0.0;
[2.678s]       |       [01;31m[K^[m[K
[2.682s] [01m[K/home/neusvegasm/gitrepo/exercises/rp_03_ros_basics/src/rp_simple_controller/src/turtle_square.cpp:84:9:[m[K [01;31m[Kerror: [m[Kâ€˜[01m[Kv[m[Kâ€™ was not declared in this scope
[2.682s]    84 |     if ([01;31m[Kv[m[K == 0 && current_time > angle_to_turn / rot_vel){
[2.682s]       |         [01;31m[K^[m[K
[2.686s] [01m[K/home/neusvegasm/gitrepo/exercises/rp_03_ros_basics/src/rp_simple_controller/src/turtle_square.cpp:86:7:[m[K [01;31m[Kerror: [m[Kâ€˜[01m[Kw[m[Kâ€™ was not declared in this scope
[2.686s]    86 |       [01;31m[Kw[m[K=0.0;
[2.686s]       |       [01;31m[K^[m[K
[2.690s] [01m[K/home/neusvegasm/gitrepo/exercises/rp_03_ros_basics/src/rp_simple_controller/src/turtle_square.cpp:90:33:[m[K [01;31m[Kerror: [m[Kâ€˜[01m[Kv[m[Kâ€™ was not declared in this scope
[2.691s]    90 |     velocity_message.linear.x = [01;31m[Kv[m[K;
[2.691s]       |                                 [01;31m[K^[m[K
[2.694s] [01m[K/home/neusvegasm/gitrepo/exercises/rp_03_ros_basics/src/rp_simple_controller/src/turtle_square.cpp:91:34:[m[K [01;31m[Kerror: [m[Kâ€˜[01m[Kw[m[Kâ€™ was not declared in this scope
[2.695s]    91 |     velocity_message.angular.z = [01;31m[Kw[m[K;
[2.695s]       |                                  [01;31m[K^[m[K
[3.549s] gmake[2]: *** [CMakeFiles/turtle_square.dir/build.make:76: CMakeFiles/turtle_square.dir/src/turtle_square.cpp.o] Error 1
[3.550s] gmake[1]: *** [CMakeFiles/Makefile2:137: CMakeFiles/turtle_square.dir/all] Error 2
[3.550s] gmake: *** [Makefile:146: all] Error 2
[3.557s] Invoked command in '/home/neusvegasm/gitrepo/exercises/rp_03_ros_basics/build/rp_simple_controller' returned '2': CMAKE_PREFIX_PATH=/opt/ros/humble /usr/bin/cmake --build /home/neusvegasm/gitrepo/exercises/rp_03_ros_basics/build/rp_simple_controller -- -j8 -l8
