[0.013s] Invoking command in '/home/neusvegasm/gitrepo/exercises/rp_03_ros_basics/build/rp_simple_controller': CMAKE_PREFIX_PATH=/opt/ros/humble /usr/bin/cmake --build /home/neusvegasm/gitrepo/exercises/rp_03_ros_basics/build/rp_simple_controller -- -j8 -l8
[0.052s] [35m[1mConsolidate compiler generated dependencies of target turtle_square[0m
[0.070s] [ 50%] [32mBuilding CXX object CMakeFiles/turtle_square.dir/src/turtle_square.cpp.o[0m
[2.558s] [01m[K/home/neusvegasm/gitrepo/exercises/rp_03_ros_basics/src/rp_simple_controller/src/turtle_square.cpp:[m[K In constructor â€˜[01m[KTurtleSquareNode::TurtleSquareNode()[m[Kâ€™:
[2.558s] [01m[K/home/neusvegasm/gitrepo/exercises/rp_03_ros_basics/src/rp_simple_controller/src/turtle_square.cpp:26:24:[m[K [01;31m[Kerror: [m[Kâ€˜[01m[Kclass TurtleSquareNode[m[Kâ€™ has no member named â€˜[01m[Kcreate_subscriber[m[Kâ€™; did you mean â€˜[01m[Kcreate_subscription[m[Kâ€™?
[2.558s]    26 |     subscriber = this->[01;31m[Kcreate_subscriber[m[K<turtlesim::msg::Pose>("/turtle1/pose", 10);
[2.558s]       |                        [01;31m[K^~~~~~~~~~~~~~~~~[m[K
[2.558s]       |                        [32m[Kcreate_subscription[m[K
[2.558s] [01m[K/home/neusvegasm/gitrepo/exercises/rp_03_ros_basics/src/rp_simple_controller/src/turtle_square.cpp:26:62:[m[K [01;31m[Kerror: [m[Kexpected primary-expression before â€˜[01m[K>[m[Kâ€™ token
[2.558s]    26 |     subscriber = this->create_subscriber<turtlesim::msg::Pose[01;31m[K>[m[K("/turtle1/pose", 10);
[2.558s]       |                                                              [01;31m[K^[m[K
[2.566s] [01m[K/home/neusvegasm/gitrepo/exercises/rp_03_ros_basics/src/rp_simple_controller/src/turtle_square.cpp:26:64:[m[K [01;31m[Kerror: [m[Kleft operand of comma operator has no effect [[01;31m[K]8;;https://gcc.gnu.org/onlinedocs/gcc/Warning-Options.html#index-Wunused-value-Werror=unused-value]8;;[m[K]
[2.566s]    26 |     subscriber = this->create_subscriber<turtlesim::msg::Pose>([01;31m[K"/turtle1/pose"[m[K, 10);
[2.566s]       |                                                                [01;31m[K^~~~~~~~~~~~~~~[m[K
[2.581s] [01m[K/home/neusvegasm/gitrepo/exercises/rp_03_ros_basics/src/rp_simple_controller/src/turtle_square.cpp:[m[K In member function â€˜[01m[Kvoid TurtleSquareNode::timer_callback()[m[Kâ€™:
[2.581s] [01m[K/home/neusvegasm/gitrepo/exercises/rp_03_ros_basics/src/rp_simple_controller/src/turtle_square.cpp:73:9:[m[K [01;31m[Kerror: [m[Kâ€˜[01m[Kv[m[Kâ€™ was not declared in this scope
[2.581s]    73 |     if ([01;31m[Kv[m[K ==0 && w ==0){
[2.582s]       |         [01;31m[K^[m[K
[2.585s] [01m[K/home/neusvegasm/gitrepo/exercises/rp_03_ros_basics/src/rp_simple_controller/src/turtle_square.cpp:73:18:[m[K [01;31m[Kerror: [m[Kâ€˜[01m[Kw[m[Kâ€™ was not declared in this scope
[2.585s]    73 |     if (v ==0 && [01;31m[Kw[m[K ==0){
[2.586s]       |                  [01;31m[K^[m[K
[2.589s] [01m[K/home/neusvegasm/gitrepo/exercises/rp_03_ros_basics/src/rp_simple_controller/src/turtle_square.cpp:78:9:[m[K [01;31m[Kerror: [m[Kâ€˜[01m[Kw[m[Kâ€™ was not declared in this scope
[2.589s]    78 |     if ([01;31m[Kw[m[K == 0 && current_time > side_length / trans_vel ){
[2.589s]       |         [01;31m[K^[m[K
[2.594s] [01m[K/home/neusvegasm/gitrepo/exercises/rp_03_ros_basics/src/rp_simple_controller/src/turtle_square.cpp:79:7:[m[K [01;31m[Kerror: [m[Kâ€˜[01m[Kv[m[Kâ€™ was not declared in this scope
[2.594s]    79 |       [01;31m[Kv[m[K = 0.0;
[2.594s]       |       [01;31m[K^[m[K
[2.598s] [01m[K/home/neusvegasm/gitrepo/exercises/rp_03_ros_basics/src/rp_simple_controller/src/turtle_square.cpp:84:9:[m[K [01;31m[Kerror: [m[Kâ€˜[01m[Kv[m[Kâ€™ was not declared in this scope
[2.598s]    84 |     if ([01;31m[Kv[m[K == 0 && current_time > angle_to_turn / rot_vel){
[2.598s]       |         [01;31m[K^[m[K
[2.602s] [01m[K/home/neusvegasm/gitrepo/exercises/rp_03_ros_basics/src/rp_simple_controller/src/turtle_square.cpp:86:7:[m[K [01;31m[Kerror: [m[Kâ€˜[01m[Kw[m[Kâ€™ was not declared in this scope
[2.602s]    86 |       [01;31m[Kw[m[K=0.0;
[2.602s]       |       [01;31m[K^[m[K
[2.606s] [01m[K/home/neusvegasm/gitrepo/exercises/rp_03_ros_basics/src/rp_simple_controller/src/turtle_square.cpp:90:33:[m[K [01;31m[Kerror: [m[Kâ€˜[01m[Kv[m[Kâ€™ was not declared in this scope
[2.606s]    90 |     velocity_message.linear.x = [01;31m[Kv[m[K;
[2.606s]       |                                 [01;31m[K^[m[K
[2.610s] [01m[K/home/neusvegasm/gitrepo/exercises/rp_03_ros_basics/src/rp_simple_controller/src/turtle_square.cpp:91:34:[m[K [01;31m[Kerror: [m[Kâ€˜[01m[Kw[m[Kâ€™ was not declared in this scope
[2.611s]    91 |     velocity_message.angular.z = [01;31m[Kw[m[K;
[2.611s]       |                                  [01;31m[K^[m[K
[3.483s] cc1plus: all warnings being treated as errors
[3.504s] gmake[2]: *** [CMakeFiles/turtle_square.dir/build.make:76: CMakeFiles/turtle_square.dir/src/turtle_square.cpp.o] Error 1
[3.504s] gmake[1]: *** [CMakeFiles/Makefile2:137: CMakeFiles/turtle_square.dir/all] Error 2
[3.505s] gmake: *** [Makefile:146: all] Error 2
[3.507s] Invoked command in '/home/neusvegasm/gitrepo/exercises/rp_03_ros_basics/build/rp_simple_controller' returned '2': CMAKE_PREFIX_PATH=/opt/ros/humble /usr/bin/cmake --build /home/neusvegasm/gitrepo/exercises/rp_03_ros_basics/build/rp_simple_controller -- -j8 -l8
